

════════════════════════════════════════════════════════════════════════════════════════════════════════════════════════

                                        Расчет  полного  сопротивления  судна

                                                 Исходные  данные

 Длина  по  ватерлинии . . . . . . . . . . . . . . . . . . . . . . . . . . . . . . . . . . . . . .  L = 121.920 м
 Длина  между  перпендикулярами  . . . . . . . . . . . . . . . . . . . . . . . . . . . . . . . .  Lpp = 121.920 м
 Расчетная  ширина . . . . . . . . . . . . . . . . . . . . . . . . . . . . . . . . . . . . . . . .  B =  18.062 м
 Осадка  носом . . . . . . . . . . . . . . . . . . . . . . . . . . . . . . . . . . . . . . . . . . TF =   7.225 м
 Осадка  наибольшая. . . . . . . . . . . . . . . . . . . . . . . . . . . . . . . . . . . . . . . .  T =   7.225 м

 Коэффициент  общей  полноты . . . . . . . . . . . . . . . . . . . . . . . . . . . . . . . . . . . CB = 0.750
 Коэффициент  полноты  мидель-шпангоута. . . . . . . . . . . . . . . . . . . . . . . . . . . . . . CM = 0.990
 Коэффициент  полноты  ватерлинии. . . . . . . . . . . . . . . . . . . . . . . . . . . . . . . .  CWP = 0.828
 Параметр  формы  кормы. . . . . . . . . . . . . . . . . . . . . . . . . . . . . . . . . . . . .  CST =   0.0
 Объемное  водоизмещение . . . . . . . . . . . . . . . . . . . . . . . . . . . . . . . . . . . .  DEL =  11932.732 м³
 Продольное  положение  центра  величины  (в  процентах  от  Lpp , относительно  1/2  Lpp ). . .   XB =  1.500

 Поперечная  площадь  сечения  бульба. . . . . . . . . . . . . . . . . . . . . . . . . . . . . .  ABT =  0.000 м²
 Отстояние  центра  тяжести  сечения  бульба  от  линии  киля. . . . . . . . . . . . . . . . . . . HB =  0.000 м
 Площадь  транца, погруженная  в  воду  при  VS=0  . . . . . . . . . . . . . . . . . . . . . . . . AT =  6.000 м²
 Площадь  смоченной  поверхности  выступающих  частей. . . . . . . . . . . . . . . . . . . . . .  SAP =  2.000 м²
 Коэффициент  сопротивления  носового  подруливающего  устройства. . . . . . . . . . . . . . . .  CBT =  0.000
 Диаметр  тоннеля  носового  подруливающего  устройства. . . . . . . . . . . . . . . . . . . . .  DPU =  0.000 м

 Коэффициент  влияния  выступающих  частей . . . . . . . . . . . . . . . . . . . . . . . . . . . . K2 =  0.000
 Шероховатость  поверхности  ( средняя  амплитуда  бугорков ). . . . . . . . . . . . . . . . . . . KS = 0.0200 м
 Плотность  воды . . . . . . . . . . . . . . . . . . . . . . . . . . . . . . . . . . . . . . . . . RO = 1000.00 кг/м³
 Кинематическая  вязкость  воды. . . . . . . . . . . . . . . . . . . . . . . . . . . . . . . . . . KV = 0.00000114 м²/с

                    Параметры  цикла. . . . . . . . . .  N1=100     N2=200     N3=  5
                    Параметры  печати . . . . . . . . .  NP1=2      NP2=1      NP3=1

                              Параметр  NS=60

                              Коэффициенты,  полученные  при  вычислении  CM  и  CWP

    LPMB=  0.252000      LE=  0.330088     LR1=  0.417912      A1=  0.330088      A2=  0.022394     M60=  0.024506
     C11= -0.060575     CPR=  0.702635     CPE=  0.642060     CPF=  0.763697     CPA=  0.751455     XB1=    0.0000
     CWF=  0.792484     CWA=  0.862621

                                        Величины,  не  зависящие  от  скорости

      LB= 6.7500830      BL= 0.1481463      LT=16.8747406      TL= 0.0592602      BT= 2.4999309      TB= 0.4000111
     TFL= 0.0592602      LD= 151.87453      LM= 0.8929520     LCB= 1.4999998      LR= 33.650692       S= 3193.6975
      C1= 2.0780406     C12= 0.5327419     C13= 1.0000000     C14= 1.1990658     C15=-1.6938500      C2= 1.0000000
      C3= 0.0000000      C4= 0.0400000      C5= 0.9628463      C7= 0.1481463     CA1= 0.0000000     CA2= 0.0000000
      CA=  0.000000      CP= 0.7575758      K1= 1.2209822      M1=-2.0007100      IE=28.6068878      PB= 0.0000000


 ├─────────────────────────────────────────────────────────────────────────────────────────────────────────────────────┤
 │       │          │          │          │          │          │          │          │          │          │          │
 │   Vs  │     V    │    Fn    │    Re    │    Cv    │    Cw    │    Ct    │    Cr    │    Vi    │    Rt    │    Pe    │
 │       │          │          │          │          │          │          │          │          │          │          │
 ├─────────────────────────────────────────────────────────────────────────────────────────────────────────────────────┤
 │  узлы │    м/с   │     -    │     -    │     -    │     -    │     -    │     -    │     Н    │     Н    │    Вт    │
 ├─────────────────────────────────────────────────────────────────────────────────────────────────────────────────────┤
 │       │          │          │          │          │          │          │          │          │          │          │
 │ 10.00 │   5.140  │ 0.148620 │  0.5E+09 │ 0.002016 │ 0.000083 │ 0.002270 │ 0.000619 │   13210. │   95748. │  492142. │
 │ 10.50 │   5.397  │ 0.156051 │  0.6E+09 │ 0.002003 │ 0.000119 │ 0.002283 │ 0.000642 │   14564. │  106178. │  573042. │
 │ 11.00 │   5.654  │ 0.163482 │  0.6E+09 │ 0.001991 │ 0.000170 │ 0.002312 │ 0.000681 │   15984. │  118037. │  667380. │
 │ 11.50 │   5.911  │ 0.170913 │  0.6E+09 │ 0.001980 │ 0.000226 │ 0.002346 │ 0.000724 │   17470. │  130895. │  773721. │
 │ 12.00 │   6.168  │ 0.178344 │  0.7E+09 │ 0.001969 │ 0.000319 │ 0.002418 │ 0.000805 │   19022. │  146911. │  906145. │
 │ 12.50 │   6.425  │ 0.185775 │  0.7E+09 │ 0.001959 │ 0.000381 │ 0.002460 │ 0.000856 │   20640. │  162163. │ 1041896. │
 │ 13.00 │   6.682  │ 0.193206 │  0.7E+09 │ 0.001949 │ 0.000491 │ 0.002550 │ 0.000953 │   22325. │  181803. │ 1214810. │
 │ 13.50 │   6.939  │ 0.200637 │  0.7E+09 │ 0.001940 │ 0.000677 │ 0.002716 │ 0.001127 │   24075. │  208839. │ 1449134. │
 │ 14.00 │   7.196  │ 0.208068 │  0.8E+09 │ 0.001931 │ 0.000779 │ 0.002799 │ 0.001218 │   25891. │  231475. │ 1665693. │
 │ 14.50 │   7.453  │ 0.215499 │  0.8E+09 │ 0.001923 │ 0.000828 │ 0.002829 │ 0.001255 │   27774. │  250967. │ 1870460. │
 │ 15.00 │   7.710  │ 0.222930 │  0.8E+09 │ 0.001914 │ 0.001005 │ 0.002988 │ 0.001420 │   29722. │  283623. │ 2186733. │
 │ 15.50 │   7.967  │ 0.230361 │  0.9E+09 │ 0.001907 │ 0.001364 │ 0.003330 │ 0.001768 │   31737. │  337477. │ 2688681. │
 │ 16.00 │   8.224  │ 0.237792 │  0.9E+09 │ 0.001899 │ 0.001749 │ 0.003697 │ 0.002141 │   33817. │  399256. │ 3283483. │
 │ 16.50 │   8.481  │ 0.245223 │  0.9E+09 │ 0.001892 │ 0.001919 │ 0.003849 │ 0.002300 │   35964. │  442102. │ 3749469. │
 │ 17.00 │   8.738  │ 0.252654 │  0.9E+09 │ 0.001885 │ 0.001877 │ 0.003790 │ 0.002246 │   38176. │  462051. │ 4037405. │
 │ 17.50 │   8.995  │ 0.260085 │  0.1E+10 │ 0.001878 │ 0.001824 │ 0.003719 │ 0.002181 │   40455. │  480553. │ 4322576. │
 │ 18.00 │   9.252  │ 0.267516 │  0.1E+10 │ 0.001871 │ 0.001919 │ 0.003798 │ 0.002266 │   42800. │  519182. │ 4803472. │
 │ 18.50 │   9.509  │ 0.274947 │  0.1E+10 │ 0.001865 │ 0.002242 │ 0.004107 │ 0.002580 │   45211. │  593056. │ 5639373. │
 │ 19.00 │   9.766  │ 0.282378 │  0.1E+10 │ 0.001859 │ 0.002825 │ 0.004684 │ 0.003162 │   47687. │  713409. │ 6967156. │
 │ 19.50 │  10.023  │ 0.289809 │  0.1E+10 │ 0.001853 │ 0.003640 │ 0.005493 │ 0.003976 │   50230. │  881241. │ 8832678. │
 │ 20.00 │  10.280  │ 0.297240 │  0.1E+10 │ 0.001847 │ 0.004559 │ 0.006406 │ 0.004893 │   52839. │ 1080993. │ ******** │
 │       │          │          │          │          │          │          │          │          │          │          │
 ├─────────────────────────────────────────────────────────────────────────────────────────────────────────────────────┤


 ├─────────────────────────────────────────────────────────────────────────────────────────────────────────────────────┤
 │       │          │          │          │          │          │          │          │          │          │          │
 │   VS  │    Ctr   │    Cbb   │    Cf    │    Rv    │    Rw    │    Rf    │    Rb    │    Rap   │    Rtr   │    Ra    │
 │       │          │          │          │          │          │          │          │          │          │          │
 ├─────────────────────────────────────────────────────────────────────────────────────────────────────────────────────┤
 │  узлы │     -    │     -    │     -    │     Н    │     Н    │     Н    │     Н    │     Н    │     Н    │     Н    │
 ├─────────────────────────────────────────────────────────────────────────────────────────────────────────────────────┤
 │       │          │          │          │          │          │          │          │          │          │          │
 │ 10.00 │ 0.000171 │ 0.000000 │ 0.001651 │   85040. │    3485. │   69649. │       0. │       0. │    7223. │       0. │
 │ 10.50 │ 0.000161 │ 0.000000 │ 0.001641 │   93170. │    5520. │   76307. │       0. │       0. │    7488. │       0. │
 │ 11.00 │ 0.000151 │ 0.000000 │ 0.001631 │  101646. │    8695. │   83250. │       0. │       0. │    7696. │       0. │
 │ 11.50 │ 0.000141 │ 0.000000 │ 0.001622 │  110467. │   12587. │   90474. │       0. │       0. │    7841. │       0. │
 │ 12.00 │ 0.000130 │ 0.000000 │ 0.001613 │  119630. │   19364. │   97979. │       0. │       0. │    7916. │       0. │
 │ 12.50 │ 0.000120 │ 0.000000 │ 0.001604 │  129135. │   25113. │  105763. │       0. │       0. │    7915. │       0. │
 │ 13.00 │ 0.000110 │ 0.000000 │ 0.001596 │  138979. │   34992. │  113826. │       0. │       0. │    7832. │       0. │
 │ 13.50 │ 0.000100 │ 0.000000 │ 0.001589 │  149161. │   52018. │  122165. │       0. │       0. │    7660. │       0. │
 │ 14.00 │ 0.000089 │ 0.000000 │ 0.001582 │  159680. │   64403. │  130780. │       0. │       0. │    7392. │       0. │
 │ 14.50 │ 0.000079 │ 0.000000 │ 0.001575 │  170533. │   73412. │  139669. │       0. │       0. │    7022. │       0. │
 │ 15.00 │ 0.000069 │ 0.000000 │ 0.001568 │  181721. │   95358. │  148832. │       0. │       0. │    6544. │       0. │
 │ 15.50 │ 0.000059 │ 0.000000 │ 0.001561 │  193241. │  138285. │  158267. │       0. │       0. │    5951. │       0. │
 │ 16.00 │ 0.000048 │ 0.000000 │ 0.001555 │  205092. │  188927. │  167973. │       0. │       0. │    5237. │       0. │
 │ 16.50 │ 0.000038 │ 0.000000 │ 0.001549 │  217274. │  220434. │  177950. │       0. │       0. │    4395. │       0. │
 │ 17.00 │ 0.000028 │ 0.000000 │ 0.001544 │  229784. │  228849. │  188196. │       0. │       0. │    3418. │       0. │
 │ 17.50 │ 0.000018 │ 0.000000 │ 0.001538 │  242623. │  235630. │  198711. │       0. │       0. │    2301. │       0. │
 │ 18.00 │ 0.000008 │ 0.000000 │ 0.001533 │  255788. │  262358. │  209493. │       0. │       0. │    1037. │       0. │
 │ 18.50 │ 0.000000 │ 0.000000 │ 0.001527 │  269279. │  323778. │  220543. │       0. │       0. │       0. │       0. │
 │ 19.00 │ 0.000000 │ 0.000000 │ 0.001522 │  283094. │  430315. │  231858. │       0. │       0. │       0. │       0. │
 │ 19.50 │ 0.000000 │ 0.000000 │ 0.001518 │  297234. │  584007. │  243438. │       0. │       0. │       0. │       0. │
 │ 20.00 │ 0.000000 │ 0.000000 │ 0.001513 │  311696. │  769296. │  255283. │       0. │       0. │       0. │       0. │
 │       │          │          │          │          │          │          │          │          │          │          │
 ├─────────────────────────────────────────────────────────────────────────────────────────────────────────────────────┤
